<?xml version="1.0" encoding="UTF-8"?>
<!-- Generated by org.testng.reporters.JUnitReportReporter -->
<testsuite hostname="QSP" failures="0" tests="1" name="Pom.UsingPOM" time="6.533" errors="0" timestamp="2024-02-17T10:30:20 IST" skipped="0">
  <testcase classname="Pom.UsingPOM" name="search" time="6.533"/>
</testsuite> <!-- Pom.UsingPOM -->
