<?xml version="1.0" encoding="UTF-8"?>
<!-- Generated by org.testng.reporters.JUnitReportReporter -->
<testsuite hostname="QSP" failures="0" tests="1" name="TestNg.DataProvider" time="8.754" errors="0" timestamp="2024-02-16T17:20:45 IST" skipped="0">
  <testcase classname="TestNg.DataProvider" name="reciever" time="8.754"/>
</testsuite> <!-- TestNg.DataProvider -->
