<?xml version="1.0" encoding="UTF-8"?>
<!-- Generated by org.testng.reporters.JUnitReportReporter -->
<testsuite hostname="QSP" failures="0" tests="2" name="TestNg.DataProviderCombineWithDataDriven" time="16.136" errors="0" timestamp="2024-02-16T18:35:06 IST" skipped="0">
  <testcase classname="TestNg.DataProviderCombineWithDataDriven" name="reciever" time="9.128"/>
  <testcase classname="TestNg.DataProviderCombineWithDataDriven" name="reciever" time="7.008"/>
</testsuite> <!-- TestNg.DataProviderCombineWithDataDriven -->
