<?xml version="1.0" encoding="UTF-8"?>
<!-- Generated by org.testng.reporters.JUnitReportReporter -->
<testsuite hostname="QSP" failures="0" tests="1" name="Execution1.Campus" time="7.749" errors="0" timestamp="2024-02-10T12:49:42 IST" skipped="0">
  <testcase classname="Execution1.Campus" name="campus" time="7.749">
    <system-out>
      <![CDATA[hi hello iam Campus]]>
    </system-out>
  </testcase> <!-- campus -->
  <system-out>
    <![CDATA[hi hello iam Campus
hi hello iam Nike]]>
  </system-out>
</testsuite> <!-- Execution1.Campus -->
