<?xml version="1.0" encoding="UTF-8"?>
<!-- Generated by org.testng.reporters.JUnitReportReporter -->
<testsuite hostname="QSP" failures="0" tests="1" name="TestNg.ParaExecute" time="6.522" errors="0" timestamp="2024-02-17T09:57:57 IST" skipped="0">
  <testcase classname="TestNg.ParaExecute" name="m1" time="6.522"/>
</testsuite> <!-- TestNg.ParaExecute -->
