<?xml version="1.0" encoding="UTF-8"?>
<!-- Generated by org.testng.reporters.JUnitReportReporter -->
<testsuite hostname="QSP" failures="0" tests="2" name="DataProvider.DataDrivenWithDataProviderSample" time="15.039" errors="0" timestamp="2024-02-11T12:42:47 IST" skipped="0">
  <testcase classname="DataProvider.DataDrivenWithDataProviderSample" name="reciever" time="5.833"/>
  <testcase classname="DataProvider.DataDrivenWithDataProviderSample" name="reciever" time="9.206"/>
</testsuite> <!-- DataProvider.DataDrivenWithDataProviderSample -->
