<?xml version="1.0" encoding="UTF-8"?>
<!-- Generated by org.testng.reporters.JUnitReportReporter -->
<testsuite hostname="QSP" failures="0" tests="3" name="TestNg.DependentsOnMethod" time="22.937" errors="0" timestamp="2024-02-16T16:44:09 IST" skipped="0">
  <testcase classname="TestNg.DependentsOnMethod" name="dws" time="8.188">
    <system-out>
      <![CDATA[hi hello to testNg]]>
    </system-out>
  </testcase> <!-- dws -->
  <testcase classname="TestNg.DependentsOnMethod" name="bata" time="10.086">
    <system-out>
      <![CDATA[hi hello to testNg]]>
    </system-out>
  </testcase> <!-- bata -->
  <testcase classname="TestNg.DependentsOnMethod" name="campus" time="4.663">
    <system-out>
      <![CDATA[hi hello to testNg]]>
    </system-out>
  </testcase> <!-- campus -->
  <system-out>
    <![CDATA[hi hello to testNg
hi hello to testNg
hi hello to testNg]]>
  </system-out>
</testsuite> <!-- TestNg.DependentsOnMethod -->
