<?xml version="1.0" encoding="UTF-8"?>
<!-- Generated by org.testng.reporters.JUnitReportReporter -->
<testsuite hostname="QSP" failures="0" tests="2" name="DataProvider.LoginByUsingDataProvider" time="16.981" errors="0" timestamp="2024-02-11T11:23:47 IST" skipped="0">
  <testcase classname="DataProvider.LoginByUsingDataProvider" name="reciever" time="7.796"/>
  <testcase classname="DataProvider.LoginByUsingDataProvider" name="reciever" time="9.185"/>
</testsuite> <!-- DataProvider.LoginByUsingDataProvider -->
