<?xml version="1.0" encoding="UTF-8"?>
<!-- Generated by org.testng.reporters.JUnitReportReporter -->
<testsuite hostname="QSP" failures="0" tests="1" name="Execution1.Nike" time="6.650" errors="0" timestamp="2024-02-10T12:49:42 IST" skipped="0">
  <testcase classname="Execution1.Nike" name="bata" time="6.650">
    <system-out>
      <![CDATA[hi hello iam Nike]]>
    </system-out>
  </testcase> <!-- bata -->
  <system-out>
    <![CDATA[hi hello iam Campus
hi hello iam Nike]]>
  </system-out>
</testsuite> <!-- Execution1.Nike -->
