<?xml version="1.0" encoding="UTF-8"?>
<!-- Generated by org.testng.reporters.JUnitReportReporter -->
<testsuite hostname="QSP" failures="0" tests="2" name="TestNg.Parameyerization" time="9.006" errors="0" timestamp="2024-02-17T10:19:31 IST" skipped="0">
  <testcase classname="TestNg.Parameyerization" name="launchTheBrowser" time="5.275"/>
  <testcase classname="TestNg.Parameyerization" name="launchTheBrowser1" time="3.731"/>
</testsuite> <!-- TestNg.Parameyerization -->
