<?xml version="1.0" encoding="UTF-8"?>
<!-- Generated by org.testng.reporters.JUnitReportReporter -->
<testsuite hostname="QSP" failures="0" tests="1" name="Execution2.Nissan" time="31.070" errors="0" timestamp="2024-02-10T12:42:12 IST" skipped="0">
  <testcase classname="Execution2.Nissan" name="bata" time="31.070">
    <system-out>
      <![CDATA[hi hello iam from Nisson Car]]>
    </system-out>
  </testcase> <!-- bata -->
  <system-out>
    <![CDATA[hi hello iam from Toyota Car
hi hello iam from Nisson Car]]>
  </system-out>
</testsuite> <!-- Execution2.Nissan -->
