<?xml version="1.0" encoding="UTF-8"?>
<!-- Generated by org.testng.reporters.JUnitReportReporter -->
<testsuite hostname="QSP" failures="0" tests="1" name="Execution1.Bata" time="14.992" errors="0" timestamp="2024-02-10T12:46:49 IST" skipped="0">
  <testcase classname="Execution1.Bata" name="bata" time="14.992">
    <system-out>
      <![CDATA[hi hello iam Bata]]>
    </system-out>
  </testcase> <!-- bata -->
  <system-out>
    <![CDATA[hi hello iam Bata]]>
  </system-out>
</testsuite> <!-- Execution1.Bata -->
