<?xml version="1.0" encoding="UTF-8"?>
<!-- Generated by org.testng.reporters.JUnitReportReporter -->
<testsuite hostname="QSP" failures="0" tests="4" name="TestNg.Launch" time="41.026" errors="0" timestamp="2024-02-11T10:24:51 IST" skipped="0">
  <testcase classname="TestNg.Launch" name="dws" time="8.012">
    <system-out>
      <![CDATA[hi hello to testNg]]>
    </system-out>
  </testcase> <!-- dws -->
  <testcase classname="TestNg.Launch" name="dws" time="7.759">
    <system-out>
      <![CDATA[hi hello to testNg]]>
    </system-out>
  </testcase> <!-- dws -->
  <testcase classname="TestNg.Launch" name="bata" time="20.784">
    <system-out>
      <![CDATA[hi hello to testNg]]>
    </system-out>
  </testcase> <!-- bata -->
  <testcase classname="TestNg.Launch" name="campus" time="4.471">
    <system-out>
      <![CDATA[hi hello to testNg]]>
    </system-out>
  </testcase> <!-- campus -->
  <system-out>
    <![CDATA[hi hello to testNg
hi hello to testNg
hi hello to testNg
hi hello to testNg]]>
  </system-out>
</testsuite> <!-- TestNg.Launch -->
