<?xml version="1.0" encoding="UTF-8"?>
<!-- Generated by org.testng.reporters.JUnitReportReporter -->
<testsuite hostname="QSP" failures="0" tests="1" name="DataProvider.LoginTaskHardcoding" time="12.371" errors="0" timestamp="2024-02-11T11:04:08 IST" skipped="0">
  <testcase classname="DataProvider.LoginTaskHardcoding" name="login" time="12.371"/>
</testsuite> <!-- DataProvider.LoginTaskHardcoding -->
