<?xml version="1.0" encoding="UTF-8"?>
<!-- Generated by org.testng.reporters.JUnitReportReporter -->
<testsuite hostname="QSP" failures="0" tests="1" name="DataProvider.FetchTheDataFromXlFile" time="1.077" errors="0" timestamp="2024-02-11T12:13:07 IST" skipped="0">
  <testcase classname="DataProvider.FetchTheDataFromXlFile" name="sample" time="1.077"/>
</testsuite> <!-- DataProvider.FetchTheDataFromXlFile -->
