<?xml version="1.0" encoding="UTF-8"?>
<!-- Generated by org.testng.reporters.JUnitReportReporter -->
<testsuite hostname="QSP" failures="0" tests="1" name="TestNg.ConfigurationAnnotation" time="0.011" errors="0" timestamp="2024-02-11T09:46:08 IST" skipped="0">
  <testcase classname="TestNg.ConfigurationAnnotation" name="testCase" time="0.011"/>
</testsuite> <!-- TestNg.ConfigurationAnnotation -->
